<?xml version="1.0" encoding="UTF-8"?>
<!-- Generated by org.testng.reporters.JUnitReportReporter -->
<testsuite hostname="DESKTOP-DO7PUM8" failures="0" tests="4" name="SeleniumTest" time="19.951" errors="0" timestamp="12 Sep 2019 14:12:20 GMT" skipped="0">
  <testcase classname="SeleniumTest" name="findingASiteOnGoogle" time="7.829"/>
  <testcase classname="SeleniumTest" name="loginToAccountWithValidValues" time="4.095"/>
  <testcase classname="SeleniumTest" name="newScenario" time="3.888"/>
  <testcase classname="SeleniumTest" name="new2" time="4.139"/>
</testsuite> <!-- SeleniumTest -->
