<?xml version="1.0" encoding="UTF-8"?>
<!-- Generated by org.testng.reporters.JUnitReportReporter -->
<testsuite hostname="DESKTOP-DO7PUM8" failures="0" tests="4" name="SeleniumTest" time="0.126" errors="0" timestamp="12 Sep 2019 15:55:35 GMT" skipped="0">
  <testcase classname="SeleniumTest" name="findingASiteOnGoogleUid04058d8a519848d9a423df387c4bd368" time="0.099"/>
  <testcase classname="SeleniumTest" name="loginToAccountWithValidValuesUid5585c7a8d44c48a289b88774b5f34269" time="0.020"/>
  <testcase classname="SeleniumTest" name="newScenarioUide04443b80bf8487e93201538a1d3c199" time="0.002"/>
  <testcase classname="SeleniumTest" name="new2Uid6009eb5bc9c14e6a8029ff79a0ff2532" time="0.005"/>
</testsuite> <!-- SeleniumTest -->
