<?xml version="1.0" encoding="UTF-8"?>
<!-- Generated by org.testng.reporters.JUnitReportReporter -->
<testsuite hostname="DESKTOP-DO7PUM8" failures="0" tests="4" name="SeleniumTest" time="21.020" errors="0" timestamp="12 Sep 2019 13:25:25 GMT" skipped="0">
  <testcase classname="SeleniumTest" name="loginToAccountWithValidValues" time="4.298"/>
  <testcase classname="SeleniumTest" name="new2" time="4.378"/>
  <testcase classname="SeleniumTest" name="findingASiteOnGoogle" time="6.817"/>
  <testcase classname="SeleniumTest" name="newScenario" time="5.527"/>
</testsuite> <!-- SeleniumTest -->
