<?xml version="1.0" encoding="UTF-8"?>
<!-- Generated by org.testng.reporters.JUnitReportReporter -->
<testsuite hostname="DESKTOP-DO7PUM8" failures="0" tests="1" name="TestClass" time="7.781" errors="0" timestamp="12 Sep 2019 14:38:13 GMT" skipped="0">
  <testcase classname="TestClass" name="test" time="7.781"/>
</testsuite> <!-- TestClass -->
