<?xml version="1.0" encoding="UTF-8"?>
<!-- Generated by org.testng.reporters.JUnitReportReporter -->
<testsuite hostname="DESKTOP-DO7PUM8" failures="0" tests="4" name="SeleniumTest" time="18.870" errors="0" timestamp="12 Sep 2019 12:45:57 GMT" skipped="0">
  <testcase classname="SeleniumTest" name="findingASiteOnGoogle" time="5.561"/>
  <testcase classname="SeleniumTest" name="new2" time="3.973"/>
  <testcase classname="SeleniumTest" name="newScenario" time="3.958"/>
  <testcase classname="SeleniumTest" name="loginToAccountWithValidValues" time="5.378"/>
</testsuite> <!-- SeleniumTest -->
