<?xml version="1.0" encoding="UTF-8"?>
<!-- Generated by org.testng.reporters.JUnitReportReporter -->
<testsuite hostname="DESKTOP-DO7PUM8" failures="0" tests="4" name="SeleniumTest" time="19.347" errors="0" timestamp="12 Sep 2019 13:06:50 GMT" skipped="0">
  <testcase classname="SeleniumTest" name="new2" time="4.141"/>
  <testcase classname="SeleniumTest" name="newScenario" time="3.930"/>
  <testcase classname="SeleniumTest" name="findingASiteOnGoogle" time="7.255"/>
  <testcase classname="SeleniumTest" name="loginToAccountWithValidValues" time="4.021"/>
</testsuite> <!-- SeleniumTest -->
