<?xml version="1.0" encoding="UTF-8"?>
<!-- Generated by org.testng.reporters.JUnitReportReporter -->
<testsuite hostname="DESKTOP-DO7PUM8" failures="0" tests="4" name="hiptest.SeleniumTest" time="21.045" errors="0" timestamp="12 Sep 2019 14:17:47 GMT" skipped="0">
  <testcase classname="hiptest.SeleniumTest" name="loginToAccountWithValidValues" time="5.957"/>
  <testcase classname="hiptest.SeleniumTest" name="findingASiteOnGoogle" time="6.449"/>
  <testcase classname="hiptest.SeleniumTest" name="newScenario" time="4.418"/>
  <testcase classname="hiptest.SeleniumTest" name="new2" time="4.221"/>
</testsuite> <!-- hiptest.SeleniumTest -->
