<?xml version="1.0" encoding="UTF-8"?>
<!-- Generated by org.testng.reporters.JUnitReportReporter -->
<testsuite hostname="DESKTOP-DO7PUM8" failures="0" tests="4" name="hiptest.SeleniumTest" time="19.191" errors="0" timestamp="12 Sep 2019 14:38:13 GMT" skipped="0">
  <testcase classname="hiptest.SeleniumTest" name="loginToAccountWithValidValues" time="3.911"/>
  <testcase classname="hiptest.SeleniumTest" name="findingASiteOnGoogle" time="5.971"/>
  <testcase classname="hiptest.SeleniumTest" name="newScenario" time="3.942"/>
  <testcase classname="hiptest.SeleniumTest" name="new2" time="5.367"/>
</testsuite> <!-- hiptest.SeleniumTest -->
